Wed Nov 29 14:59:10 MST 2017
Ontology download URL: http://purl.obolibrary.org/obo/ecocore.owl
  % Total    % Received % Xferd  Average Speed   Time    Time     Time  Current
                                 Dload  Upload   Total   Spent    Left  Speed
  0     0    0     0    0     0      0      0 --:--:-- --:--:-- --:--:--     0100   349  100   349    0     0   1864      0 --:--:-- --:--:-- --:--:--  1876
100    15  100    15    0     0      9      0  0:00:01  0:00:01 --:--:--     9100    15  100    15    0     0      9      0  0:00:01  0:00:01 --:--:--     0
Wed Nov 29 14:59:12 MST 2017

Wed Nov 29 14:59:14 MST 2017
Validating ontology file: /scratch/Shares/hunter/obo-ci/data/download/ontologies/ecocore/ecocore.owl
[INFO] Error stacktraces are turned on.
[INFO] Scanning for projects...
[INFO]                                                                         
[INFO] ------------------------------------------------------------------------
[INFO] Building kabob-ontology-flatten 1.0
[INFO] ------------------------------------------------------------------------
[INFO] 
[INFO] --- exec-maven-plugin:1.1:exec (default-cli) @ kabob-ontology-flatten ---
[INFO] /bin/sh: module: line 1: syntax error: unexpected end of file
[INFO] /bin/sh: error importing function definition for `BASH_FUNC_module'
[INFO] 2017-11-29 14:59:23,105 INFO  (ParserWrapper:75) Start loading ontology: file:/scratch/Shares/hunter/obo-ci/data/download/ontologies/ecocore/ecocore.owl from: file:/scratch/Shares/hunter/obo-ci/data/download/ontologies/ecocore/ecocore.owl
[INFO] 2017-11-29 14:59:25,668 INFO  (ParserWrapper:82) Finished loading ontology: http://purl.obolibrary.org/obo/TEMP from: file:/scratch/Shares/hunter/obo-ci/data/download/ontologies/ecocore/ecocore.owl
[INFO] 2017-11-29 14:59:25,678 INFO  (CommandRunner:3243) saving:http://purl.obolibrary.org/obo/TEMP using RDF/XML Syntax
[INFO] Exception in thread "main" org.semanticweb.owlapi.model.OWLOntologyStorageException: http://www.geneontology.org/formats/oboInOwl#404
[INFO] 	at org.semanticweb.owlapi.rdf.rdfxml.renderer.RDFXMLStorer.storeOntology(RDFXMLStorer.java:57)
[INFO] 	at org.semanticweb.owlapi.util.AbstractOWLStorer.store(AbstractOWLStorer.java:99)
[INFO] 	at org.semanticweb.owlapi.util.AbstractOWLStorer.storeOntology(AbstractOWLStorer.java:64)
[INFO] 	at uk.ac.manchester.cs.owl.owlapi.OWLOntologyManagerImpl.saveOntology(OWLOntologyManagerImpl.java:1302)
[INFO] 	at owltools.io.ParserWrapper.saveOWL(ParserWrapper.java:222)
[INFO] 	at owltools.cli.CommandRunner.runSingleIteration(CommandRunner.java:3247)
[INFO] 	at owltools.cli.CommandRunnerBase.run(CommandRunnerBase.java:76)
[INFO] 	at owltools.cli.CommandRunnerBase.run(CommandRunnerBase.java:68)
[INFO] 	at owltools.cli.CommandLineInterface.main(CommandLineInterface.java:12)
[INFO] Caused by: org.semanticweb.owlapi.rdf.rdfxml.renderer.IllegalElementNameException: Illegal Element Name (Element Is Not A QName): http://www.geneontology.org/formats/oboInOwl#404
[INFO] 	... 9 more
[INFO] ------------------------------------------------------------------------
[INFO] BUILD FAILURE
[INFO] ------------------------------------------------------------------------
[INFO] Total time: 11.280 s
[INFO] Finished at: 2017-11-29T14:59:26-07:00
[INFO] Final Memory: 21M/1963M
[INFO] ------------------------------------------------------------------------
[ERROR] Failed to execute goal org.codehaus.mojo:exec-maven-plugin:1.1:exec (default-cli) on project kabob-ontology-flatten: Result of /bin/sh -c cd /scratch/Shares/hunter/obo-ci/obo-ci.git/scripts/download && java -Xmx8G -DentityExpansionLimit=4086000 -Djava.awt.headless=true -DlauncherDir=/scratch/Shares/hunter/obo-ci/obo-ci.git -classpath /scratch/Shares/hunter/obo-ci/obo-ci.git/scripts/download/target/classes:/scratch/Users/wiba1694/m2/org/bbop/OWLTools-Runner/0.3.0-SNAPSHOT/OWLTools-Runner-0.3.0-SNAPSHOT.jar owltools.cli.CommandLineInterface /scratch/Shares/hunter/obo-ci/data/download/ontologies/ecocore/ecocore.owl -o -f nt /scratch/Shares/hunter/obo-ci/data/download/ontologies/ecocore/ecocore.owl.nt execution is: '1'. -> [Help 1]
org.apache.maven.lifecycle.LifecycleExecutionException: Failed to execute goal org.codehaus.mojo:exec-maven-plugin:1.1:exec (default-cli) on project kabob-ontology-flatten: Result of /bin/sh -c cd /scratch/Shares/hunter/obo-ci/obo-ci.git/scripts/download && java -Xmx8G -DentityExpansionLimit=4086000 -Djava.awt.headless=true -DlauncherDir=/scratch/Shares/hunter/obo-ci/obo-ci.git -classpath /scratch/Shares/hunter/obo-ci/obo-ci.git/scripts/download/target/classes:/scratch/Users/wiba1694/m2/org/bbop/OWLTools-Runner/0.3.0-SNAPSHOT/OWLTools-Runner-0.3.0-SNAPSHOT.jar owltools.cli.CommandLineInterface /scratch/Shares/hunter/obo-ci/data/download/ontologies/ecocore/ecocore.owl -o -f nt /scratch/Shares/hunter/obo-ci/data/download/ontologies/ecocore/ecocore.owl.nt execution is: '1'.
	at org.apache.maven.lifecycle.internal.MojoExecutor.execute(MojoExecutor.java:216)
	at org.apache.maven.lifecycle.internal.MojoExecutor.execute(MojoExecutor.java:153)
	at org.apache.maven.lifecycle.internal.MojoExecutor.execute(MojoExecutor.java:145)
	at org.apache.maven.lifecycle.internal.LifecycleModuleBuilder.buildProject(LifecycleModuleBuilder.java:116)
	at org.apache.maven.lifecycle.internal.LifecycleModuleBuilder.buildProject(LifecycleModuleBuilder.java:80)
	at org.apache.maven.lifecycle.internal.builder.singlethreaded.SingleThreadedBuilder.build(SingleThreadedBuilder.java:51)
	at org.apache.maven.lifecycle.internal.LifecycleStarter.execute(LifecycleStarter.java:120)
	at org.apache.maven.DefaultMaven.doExecute(DefaultMaven.java:347)
	at org.apache.maven.DefaultMaven.execute(DefaultMaven.java:154)
	at org.apache.maven.cli.MavenCli.execute(MavenCli.java:584)
	at org.apache.maven.cli.MavenCli.doMain(MavenCli.java:213)
	at org.apache.maven.cli.MavenCli.main(MavenCli.java:157)
	at sun.reflect.NativeMethodAccessorImpl.invoke0(Native Method)
	at sun.reflect.NativeMethodAccessorImpl.invoke(NativeMethodAccessorImpl.java:62)
	at sun.reflect.DelegatingMethodAccessorImpl.invoke(DelegatingMethodAccessorImpl.java:43)
	at java.lang.reflect.Method.invoke(Method.java:497)
	at org.codehaus.plexus.classworlds.launcher.Launcher.launchEnhanced(Launcher.java:289)
	at org.codehaus.plexus.classworlds.launcher.Launcher.launch(Launcher.java:229)
	at org.codehaus.plexus.classworlds.launcher.Launcher.mainWithExitCode(Launcher.java:415)
	at org.codehaus.plexus.classworlds.launcher.Launcher.main(Launcher.java:356)
Caused by: org.apache.maven.plugin.MojoExecutionException: Result of /bin/sh -c cd /scratch/Shares/hunter/obo-ci/obo-ci.git/scripts/download && java -Xmx8G -DentityExpansionLimit=4086000 -Djava.awt.headless=true -DlauncherDir=/scratch/Shares/hunter/obo-ci/obo-ci.git -classpath /scratch/Shares/hunter/obo-ci/obo-ci.git/scripts/download/target/classes:/scratch/Users/wiba1694/m2/org/bbop/OWLTools-Runner/0.3.0-SNAPSHOT/OWLTools-Runner-0.3.0-SNAPSHOT.jar owltools.cli.CommandLineInterface /scratch/Shares/hunter/obo-ci/data/download/ontologies/ecocore/ecocore.owl -o -f nt /scratch/Shares/hunter/obo-ci/data/download/ontologies/ecocore/ecocore.owl.nt execution is: '1'.
	at org.codehaus.mojo.exec.ExecMojo.execute(ExecMojo.java:260)
	at org.apache.maven.plugin.DefaultBuildPluginManager.executeMojo(DefaultBuildPluginManager.java:132)
	at org.apache.maven.lifecycle.internal.MojoExecutor.execute(MojoExecutor.java:208)
	... 19 more
[ERROR] 
[ERROR] Re-run Maven using the -X switch to enable full debug logging.
[ERROR] 
[ERROR] For more information about the errors and possible solutions, please read the following articles:
[ERROR] [Help 1] http://cwiki.apache.org/confluence/display/MAVEN/MojoExecutionException
Wed Nov 29 14:59:26 MST 2017

WARNING: Download validation failed due to error. See above.

